{"/Users/sudeerasj/SoftwareProjects/Experimental/NestJS/nest-js-clean-code-sandbox/src/main.ts": {"path":"/Users/sudeerasj/SoftwareProjects/Experimental/NestJS/nest-js-clean-code-sandbox/src/main.ts","statementMap":{"0":{"start":{"line":1,"column":0},"end":{"line":1,"column":41}},"1":{"start":{"line":2,"column":0},"end":{"line":2,"column":85}},"2":{"start":{"line":3,"column":0},"end":{"line":3,"column":45}},"3":{"start":{"line":4,"column":0},"end":{"line":4,"column":63}},"4":{"start":{"line":5,"column":0},"end":{"line":5,"column":28}},"5":{"start":{"line":6,"column":0},"end":{"line":6,"column":28}},"6":{"start":{"line":7,"column":0},"end":{"line":7,"column":42}},"7":{"start":{"line":8,"column":0},"end":{"line":8,"column":78}},"8":{"start":{"line":9,"column":0},"end":{"line":9,"column":57}},"9":{"start":{"line":12,"column":14},"end":{"line":12,"column":42}},"10":{"start":{"line":13,"column":20},"end":{"line":13,"column":64}},"11":{"start":{"line":14,"column":16},"end":{"line":14,"column":23}},"12":{"start":{"line":16,"column":18},"end":{"line":68,"column":1}},"13":{"start":{"line":17,"column":14},"end":{"line":17,"column":49}},"14":{"start":{"line":19,"column":2},"end":{"line":26,"column":5}},"15":{"start":{"line":28,"column":2},"end":{"line":31,"column":5}},"16":{"start":{"line":33,"column":2},"end":{"line":40,"column":4}},"17":{"start":{"line":42,"column":2},"end":{"line":42,"column":58}},"18":{"start":{"line":44,"column":2},"end":{"line":44,"column":45}},"19":{"start":{"line":46,"column":2},"end":{"line":46,"column":19}},"20":{"start":{"line":47,"column":2},"end":{"line":47,"column":20}},"21":{"start":{"line":49,"column":17},"end":{"line":55,"column":12}},"22":{"start":{"line":57,"column":2},"end":{"line":57,"column":78}},"23":{"start":{"line":59,"column":24},"end":{"line":59,"column":71}},"24":{"start":{"line":61,"column":2},"end":{"line":61,"column":46}},"25":{"start":{"line":63,"column":22},"end":{"line":63,"column":30}},"26":{"start":{"line":65,"column":2},"end":{"line":65,"column":55}},"27":{"start":{"line":66,"column":2},"end":{"line":66,"column":51}},"28":{"start":{"line":67,"column":2},"end":{"line":67,"column":67}},"29":{"start":{"line":70,"column":0},"end":{"line":73,"column":3}},"30":{"start":{"line":71,"column":2},"end":{"line":71,"column":45}},"31":{"start":{"line":72,"column":2},"end":{"line":72,"column":24}}},"fnMap":{"0":{"name":"(anonymous_1)","decl":{"start":{"line":16,"column":18},"end":{"line":16,"column":23}},"loc":{"start":{"line":16,"column":29},"end":{"line":68,"column":1}}},"1":{"name":"(anonymous_2)","decl":{"start":{"line":70,"column":18},"end":{"line":70,"column":24}},"loc":{"start":{"line":70,"column":27},"end":{"line":73,"column":1}}}},"branchMap":{},"s":{"0":0,"1":0,"2":0,"3":0,"4":0,"5":0,"6":0,"7":0,"8":0,"9":0,"10":0,"11":0,"12":0,"13":0,"14":0,"15":0,"16":0,"17":0,"18":0,"19":0,"20":0,"21":0,"22":0,"23":0,"24":0,"25":0,"26":0,"27":0,"28":0,"29":0,"30":0,"31":0},"f":{"0":0,"1":0},"b":{}}
,"/Users/sudeerasj/SoftwareProjects/Experimental/NestJS/nest-js-clean-code-sandbox/src/app/app.controller.ts": {"path":"/Users/sudeerasj/SoftwareProjects/Experimental/NestJS/nest-js-clean-code-sandbox/src/app/app.controller.ts","statementMap":{"0":{"start":{"line":1,"column":0},"end":{"line":1,"column":64}},"1":{"start":{"line":2,"column":0},"end":{"line":2,"column":44}},"2":{"start":{"line":3,"column":0},"end":{"line":3,"column":77}},"3":{"start":{"line":8,"column":7},"end":{"line":16,"column":null}},"4":{"start":{"line":9,"column":31},"end":{"line":9,"column":43}},"5":{"start":{"line":14,"column":4},"end":{"line":14,"column":36}},"6":{"start":{"line":11,"column":2},"end":{"line":15,"column":null}},"7":{"start":{"line":8,"column":13},"end":{"line":16,"column":null}},"8":{"start":{"line":8,"column":13},"end":{"line":8,"column":26}}},"fnMap":{"0":{"name":"(anonymous_2)","decl":{"start":{"line":9,"column":2},"end":{"line":9,"column":31}},"loc":{"start":{"line":9,"column":53},"end":{"line":9,"column":57}}},"1":{"name":"(anonymous_3)","decl":{"start":{"line":13,"column":2},"end":{"line":13,"column":8}},"loc":{"start":{"line":13,"column":8},"end":{"line":15,"column":3}}}},"branchMap":{},"s":{"0":1,"1":1,"2":1,"3":1,"4":2,"5":1,"6":1,"7":1,"8":1},"f":{"0":2,"1":1},"b":{}}
,"/Users/sudeerasj/SoftwareProjects/Experimental/NestJS/nest-js-clean-code-sandbox/src/app/app.module.ts": {"path":"/Users/sudeerasj/SoftwareProjects/Experimental/NestJS/nest-js-clean-code-sandbox/src/app/app.module.ts","statementMap":{"0":{"start":{"line":1,"column":0},"end":{"line":1,"column":38}},"1":{"start":{"line":2,"column":0},"end":{"line":2,"column":39}},"2":{"start":{"line":3,"column":0},"end":{"line":3,"column":51}},"3":{"start":{"line":4,"column":0},"end":{"line":4,"column":57}},"4":{"start":{"line":5,"column":0},"end":{"line":5,"column":45}},"5":{"start":{"line":6,"column":0},"end":{"line":6,"column":50}},"6":{"start":{"line":7,"column":0},"end":{"line":7,"column":44}},"7":{"start":{"line":20,"column":7},"end":{"line":20,"column":null}},"8":{"start":{"line":20,"column":13},"end":{"line":20,"column":null}},"9":{"start":{"line":20,"column":13},"end":{"line":20,"column":22}}},"fnMap":{},"branchMap":{},"s":{"0":0,"1":0,"2":0,"3":0,"4":0,"5":0,"6":0,"7":0,"8":0,"9":0},"f":{},"b":{}}
,"/Users/sudeerasj/SoftwareProjects/Experimental/NestJS/nest-js-clean-code-sandbox/src/app/app.service.ts": {"path":"/Users/sudeerasj/SoftwareProjects/Experimental/NestJS/nest-js-clean-code-sandbox/src/app/app.service.ts","statementMap":{"0":{"start":{"line":1,"column":0},"end":{"line":1,"column":42}},"1":{"start":{"line":4,"column":7},"end":{"line":8,"column":null}},"2":{"start":{"line":6,"column":4},"end":{"line":6,"column":47}},"3":{"start":{"line":4,"column":13},"end":{"line":8,"column":null}},"4":{"start":{"line":4,"column":13},"end":{"line":4,"column":23}}},"fnMap":{"0":{"name":"(anonymous_1)","decl":{"start":{"line":5,"column":2},"end":{"line":5,"column":8}},"loc":{"start":{"line":5,"column":8},"end":{"line":7,"column":3}}}},"branchMap":{},"s":{"0":2,"1":2,"2":2,"3":2,"4":2},"f":{"0":2},"b":{}}
,"/Users/sudeerasj/SoftwareProjects/Experimental/NestJS/nest-js-clean-code-sandbox/src/app/core/config/config.module.ts": {"path":"/Users/sudeerasj/SoftwareProjects/Experimental/NestJS/nest-js-clean-code-sandbox/src/app/core/config/config.module.ts","statementMap":{"0":{"start":{"line":1,"column":0},"end":{"line":1,"column":70}},"1":{"start":{"line":2,"column":0},"end":{"line":2,"column":64}},"2":{"start":{"line":3,"column":0},"end":{"line":3,"column":45}},"3":{"start":{"line":4,"column":0},"end":{"line":4,"column":53}},"4":{"start":{"line":5,"column":0},"end":{"line":5,"column":78}},"5":{"start":{"line":40,"column":25},"end":{"line":40,"column":null}},"6":{"start":{"line":40,"column":13},"end":{"line":40,"column":null}},"7":{"start":{"line":12,"column":23},"end":{"line":12,"column":52}},"8":{"start":{"line":14,"column":34},"end":{"line":14,"column":57}},"9":{"start":{"line":16,"column":8},"end":{"line":16,"column":49}},"10":{"start":{"line":18,"column":8},"end":{"line":18,"column":55}},"11":{"start":{"line":20,"column":21},"end":{"line":20,"column":58}},"12":{"start":{"line":22,"column":24},"end":{"line":24,"column":10}},"13":{"start":{"line":26,"column":8},"end":{"line":31,"column":null}},"14":{"start":{"line":27,"column":10},"end":{"line":30,"column":12}},"15":{"start":{"line":28,"column":33},"end":{"line":28,"column":54}},"16":{"start":{"line":33,"column":8},"end":{"line":33,"column":54}},"17":{"start":{"line":35,"column":8},"end":{"line":35,"column":20}},"18":{"start":{"line":40,"column":13},"end":{"line":40,"column":25}}},"fnMap":{"0":{"name":"(anonymous_1)","decl":{"start":{"line":11,"column":16},"end":{"line":11,"column":22}},"loc":{"start":{"line":11,"column":25},"end":{"line":36,"column":7}}},"1":{"name":"(anonymous_2)","decl":{"start":{"line":28,"column":24},"end":{"line":28,"column":29}},"loc":{"start":{"line":28,"column":33},"end":{"line":28,"column":54}}}},"branchMap":{"0":{"loc":{"start":{"line":26,"column":8},"end":{"line":31,"column":null}},"type":"if","locations":[{"start":{"line":26,"column":8},"end":{"line":31,"column":null}}]}},"s":{"0":0,"1":0,"2":0,"3":0,"4":0,"5":0,"6":0,"7":0,"8":0,"9":0,"10":0,"11":0,"12":0,"13":0,"14":0,"15":0,"16":0,"17":0,"18":0},"f":{"0":0,"1":0},"b":{"0":[0]}}
,"/Users/sudeerasj/SoftwareProjects/Experimental/NestJS/nest-js-clean-code-sandbox/src/app/core/constants/api-resource.constants.ts": {"path":"/Users/sudeerasj/SoftwareProjects/Experimental/NestJS/nest-js-clean-code-sandbox/src/app/core/constants/api-resource.constants.ts","statementMap":{"0":{"start":{"line":1,"column":0},"end":{"line":1,"column":null}},"1":{"start":{"line":2,"column":2},"end":{"line":2,"column":null}}},"fnMap":{"0":{"name":"(anonymous_0)","decl":{"start":{"line":1,"column":0},"end":{"line":1,"column":12}},"loc":{"start":{"line":1,"column":23},"end":{"line":3,"column":1}}}},"branchMap":{"0":{"loc":{"start":{"line":1,"column":12},"end":{"line":1,"column":null}},"type":"binary-expr","locations":[{"start":{"line":1,"column":12},"end":{"line":1,"column":23}},{"start":{"line":1,"column":12},"end":{"line":1,"column":null}}]}},"s":{"0":0,"1":0},"f":{"0":0},"b":{"0":[0,0]}}
,"/Users/sudeerasj/SoftwareProjects/Experimental/NestJS/nest-js-clean-code-sandbox/src/app/core/constants/decorator-key.constants.ts": {"path":"/Users/sudeerasj/SoftwareProjects/Experimental/NestJS/nest-js-clean-code-sandbox/src/app/core/constants/decorator-key.constants.ts","statementMap":{"0":{"start":{"line":1,"column":13},"end":{"line":1,"column":57}},"1":{"start":{"line":3,"column":13},"end":{"line":3,"column":31}}},"fnMap":{},"branchMap":{},"s":{"0":1,"1":1},"f":{},"b":{}}
,"/Users/sudeerasj/SoftwareProjects/Experimental/NestJS/nest-js-clean-code-sandbox/src/app/core/decorators/auth-metadata.decorator.ts": {"path":"/Users/sudeerasj/SoftwareProjects/Experimental/NestJS/nest-js-clean-code-sandbox/src/app/core/decorators/auth-metadata.decorator.ts","statementMap":{"0":{"start":{"line":1,"column":0},"end":{"line":1,"column":70}},"1":{"start":{"line":4,"column":13},"end":{"line":10,"column":2}},"2":{"start":{"line":6,"column":22},"end":{"line":6,"column":62}},"3":{"start":{"line":8,"column":4},"end":{"line":8,"column":41}}},"fnMap":{"0":{"name":"(anonymous_0)","decl":{"start":{"line":5,"column":2},"end":{"line":5,"column":3}},"loc":{"start":{"line":5,"column":43},"end":{"line":9,"column":3}}}},"branchMap":{"0":{"loc":{"start":{"line":8,"column":11},"end":{"line":8,"column":40}},"type":"binary-expr","locations":[{"start":{"line":8,"column":11},"end":{"line":8,"column":32}},{"start":{"line":8,"column":36},"end":{"line":8,"column":40}}]}},"s":{"0":0,"1":0,"2":0,"3":0},"f":{"0":0},"b":{"0":[0,0]}}
,"/Users/sudeerasj/SoftwareProjects/Experimental/NestJS/nest-js-clean-code-sandbox/src/app/core/decorators/auth-token.decorator.ts": {"path":"/Users/sudeerasj/SoftwareProjects/Experimental/NestJS/nest-js-clean-code-sandbox/src/app/core/decorators/auth-token.decorator.ts","statementMap":{"0":{"start":{"line":1,"column":0},"end":{"line":1,"column":72}},"1":{"start":{"line":7,"column":13},"end":{"line":13,"column":2}},"2":{"start":{"line":9,"column":22},"end":{"line":9,"column":62}},"3":{"start":{"line":11,"column":4},"end":{"line":11,"column":41}}},"fnMap":{"0":{"name":"(anonymous_0)","decl":{"start":{"line":8,"column":2},"end":{"line":8,"column":3}},"loc":{"start":{"line":8,"column":43},"end":{"line":12,"column":3}}}},"branchMap":{"0":{"loc":{"start":{"line":11,"column":11},"end":{"line":11,"column":40}},"type":"binary-expr","locations":[{"start":{"line":11,"column":11},"end":{"line":11,"column":32}},{"start":{"line":11,"column":36},"end":{"line":11,"column":40}}]}},"s":{"0":0,"1":0,"2":0,"3":0},"f":{"0":0},"b":{"0":[0,0]}}
,"/Users/sudeerasj/SoftwareProjects/Experimental/NestJS/nest-js-clean-code-sandbox/src/app/core/decorators/public.decorator.ts": {"path":"/Users/sudeerasj/SoftwareProjects/Experimental/NestJS/nest-js-clean-code-sandbox/src/app/core/decorators/public.decorator.ts","statementMap":{"0":{"start":{"line":1,"column":0},"end":{"line":1,"column":43}},"1":{"start":{"line":2,"column":0},"end":{"line":2,"column":58}},"2":{"start":{"line":4,"column":22},"end":{"line":4,"column":53}},"3":{"start":{"line":4,"column":28},"end":{"line":4,"column":53}},"4":{"start":{"line":4,"column":13},"end":{"line":4,"column":22}}},"fnMap":{"0":{"name":"(anonymous_0)","decl":{"start":{"line":4,"column":22},"end":{"line":4,"column":25}},"loc":{"start":{"line":4,"column":28},"end":{"line":4,"column":53}}}},"branchMap":{},"s":{"0":0,"1":0,"2":0,"3":0,"4":0},"f":{"0":0},"b":{}}
,"/Users/sudeerasj/SoftwareProjects/Experimental/NestJS/nest-js-clean-code-sandbox/src/app/core/decorators/skip-authentication.decorator.ts": {"path":"/Users/sudeerasj/SoftwareProjects/Experimental/NestJS/nest-js-clean-code-sandbox/src/app/core/decorators/skip-authentication.decorator.ts","statementMap":{"0":{"start":{"line":1,"column":0},"end":{"line":1,"column":43}},"1":{"start":{"line":2,"column":0},"end":{"line":2,"column":71}},"2":{"start":{"line":4,"column":34},"end":{"line":4,"column":78}},"3":{"start":{"line":4,"column":40},"end":{"line":4,"column":78}},"4":{"start":{"line":4,"column":13},"end":{"line":4,"column":34}}},"fnMap":{"0":{"name":"(anonymous_0)","decl":{"start":{"line":4,"column":34},"end":{"line":4,"column":37}},"loc":{"start":{"line":4,"column":40},"end":{"line":4,"column":78}}}},"branchMap":{},"s":{"0":1,"1":1,"2":1,"3":1,"4":1},"f":{"0":1},"b":{}}
,"/Users/sudeerasj/SoftwareProjects/Experimental/NestJS/nest-js-clean-code-sandbox/src/app/core/filters/api-error.filter.ts": {"path":"/Users/sudeerasj/SoftwareProjects/Experimental/NestJS/nest-js-clean-code-sandbox/src/app/core/filters/api-error.filter.ts","statementMap":{"0":{"start":{"line":1,"column":0},"end":{"line":1,"column":92}},"1":{"start":{"line":2,"column":0},"end":{"line":2,"column":40}},"2":{"start":{"line":5,"column":0},"end":{"line":5,"column":87}},"3":{"start":{"line":8,"column":27},"end":{"line":78,"column":null}},"4":{"start":{"line":9,"column":19},"end":{"line":9,"column":60}},"5":{"start":{"line":12,"column":17},"end":{"line":12,"column":92}},"6":{"start":{"line":14,"column":4},"end":{"line":20,"column":null}},"7":{"start":{"line":15,"column":25},"end":{"line":15,"column":44}},"8":{"start":{"line":17,"column":6},"end":{"line":19,"column":null}},"9":{"start":{"line":18,"column":8},"end":{"line":18,"column":44}},"10":{"start":{"line":22,"column":4},"end":{"line":22,"column":18}},"11":{"start":{"line":28,"column":4},"end":{"line":40,"column":null}},"12":{"start":{"line":29,"column":6},"end":{"line":29,"column":46}},"13":{"start":{"line":30,"column":11},"end":{"line":40,"column":null}},"14":{"start":{"line":31,"column":25},"end":{"line":31,"column":44}},"15":{"start":{"line":33,"column":6},"end":{"line":37,"column":null}},"16":{"start":{"line":34,"column":8},"end":{"line":34,"column":53}},"17":{"start":{"line":36,"column":8},"end":{"line":36,"column":33}},"18":{"start":{"line":39,"column":6},"end":{"line":39,"column":32}},"19":{"start":{"line":43,"column":4},"end":{"line":51,"column":null}},"20":{"start":{"line":44,"column":6},"end":{"line":44,"column":31}},"21":{"start":{"line":45,"column":11},"end":{"line":51,"column":null}},"22":{"start":{"line":46,"column":6},"end":{"line":46,"column":39}},"23":{"start":{"line":47,"column":11},"end":{"line":51,"column":null}},"24":{"start":{"line":48,"column":6},"end":{"line":48,"column":31}},"25":{"start":{"line":50,"column":6},"end":{"line":50,"column":18}},"26":{"start":{"line":53,"column":4},"end":{"line":53,"column":16}},"27":{"start":{"line":57,"column":30},"end":{"line":57,"column":49}},"28":{"start":{"line":59,"column":20},"end":{"line":59,"column":59}},"29":{"start":{"line":60,"column":21},"end":{"line":60,"column":62}},"30":{"start":{"line":62,"column":19},"end":{"line":62,"column":47}},"31":{"start":{"line":63,"column":17},"end":{"line":63,"column":43}},"32":{"start":{"line":64,"column":17},"end":{"line":64,"column":63}},"33":{"start":{"line":66,"column":19},"end":{"line":66,"column":51}},"34":{"start":{"line":67,"column":17},"end":{"line":67,"column":45}},"35":{"start":{"line":69,"column":4},"end":{"line":69,"column":71}},"36":{"start":{"line":70,"column":4},"end":{"line":70,"column":29}},"37":{"start":{"line":72,"column":4},"end":{"line":76,"column":7}},"38":{"start":{"line":8,"column":13},"end":{"line":78,"column":null}},"39":{"start":{"line":8,"column":13},"end":{"line":8,"column":27}}},"fnMap":{"0":{"name":"(anonymous_2)","decl":{"start":{"line":8,"column":7},"end":{"line":8,"column":13}},"loc":{"start":{"line":8,"column":7},"end":{"line":78,"column":1}}},"1":{"name":"(anonymous_3)","decl":{"start":{"line":11,"column":10},"end":{"line":11,"column":30}},"loc":{"start":{"line":11,"column":43},"end":{"line":23,"column":3}}},"2":{"name":"(anonymous_4)","decl":{"start":{"line":25,"column":10},"end":{"line":25,"column":26}},"loc":{"start":{"line":25,"column":39},"end":{"line":54,"column":3}}},"3":{"name":"(anonymous_5)","decl":{"start":{"line":56,"column":2},"end":{"line":56,"column":7}},"loc":{"start":{"line":56,"column":41},"end":{"line":77,"column":3}}}},"branchMap":{"0":{"loc":{"start":{"line":12,"column":17},"end":{"line":12,"column":92}},"type":"cond-expr","locations":[{"start":{"line":12,"column":69},"end":{"line":12,"column":86}},{"start":{"line":12,"column":89},"end":{"line":12,"column":92}}]},"1":{"loc":{"start":{"line":12,"column":17},"end":{"line":12,"column":66}},"type":"binary-expr","locations":[{"start":{"line":12,"column":17},"end":{"line":12,"column":47}},{"start":{"line":12,"column":51},"end":{"line":12,"column":66}}]},"2":{"loc":{"start":{"line":14,"column":4},"end":{"line":20,"column":null}},"type":"if","locations":[{"start":{"line":14,"column":4},"end":{"line":20,"column":null}}]},"3":{"loc":{"start":{"line":17,"column":6},"end":{"line":19,"column":null}},"type":"if","locations":[{"start":{"line":17,"column":6},"end":{"line":19,"column":null}}]},"4":{"loc":{"start":{"line":28,"column":4},"end":{"line":40,"column":null}},"type":"if","locations":[{"start":{"line":28,"column":4},"end":{"line":40,"column":null}},{"start":{"line":30,"column":11},"end":{"line":40,"column":null}}]},"5":{"loc":{"start":{"line":28,"column":8},"end":{"line":28,"column":59}},"type":"binary-expr","locations":[{"start":{"line":28,"column":8},"end":{"line":28,"column":38}},{"start":{"line":28,"column":42},"end":{"line":28,"column":59}}]},"6":{"loc":{"start":{"line":30,"column":11},"end":{"line":40,"column":null}},"type":"if","locations":[{"start":{"line":30,"column":11},"end":{"line":40,"column":null}},{"start":{"line":38,"column":11},"end":{"line":40,"column":null}}]},"7":{"loc":{"start":{"line":33,"column":6},"end":{"line":37,"column":null}},"type":"if","locations":[{"start":{"line":33,"column":6},"end":{"line":37,"column":null}},{"start":{"line":35,"column":13},"end":{"line":37,"column":null}}]},"8":{"loc":{"start":{"line":43,"column":4},"end":{"line":51,"column":null}},"type":"if","locations":[{"start":{"line":43,"column":4},"end":{"line":51,"column":null}},{"start":{"line":45,"column":11},"end":{"line":51,"column":null}}]},"9":{"loc":{"start":{"line":45,"column":11},"end":{"line":51,"column":null}},"type":"if","locations":[{"start":{"line":45,"column":11},"end":{"line":51,"column":null}},{"start":{"line":47,"column":11},"end":{"line":51,"column":null}}]},"10":{"loc":{"start":{"line":45,"column":15},"end":{"line":45,"column":61}},"type":"binary-expr","locations":[{"start":{"line":45,"column":15},"end":{"line":45,"column":32}},{"start":{"line":45,"column":36},"end":{"line":45,"column":61}}]},"11":{"loc":{"start":{"line":47,"column":11},"end":{"line":51,"column":null}},"type":"if","locations":[{"start":{"line":47,"column":11},"end":{"line":51,"column":null}},{"start":{"line":49,"column":11},"end":{"line":51,"column":null}}]},"12":{"loc":{"start":{"line":47,"column":15},"end":{"line":47,"column":98}},"type":"binary-expr","locations":[{"start":{"line":47,"column":15},"end":{"line":47,"column":55}},{"start":{"line":47,"column":59},"end":{"line":47,"column":98}}]},"13":{"loc":{"start":{"line":64,"column":17},"end":{"line":64,"column":63}},"type":"cond-expr","locations":[{"start":{"line":64,"column":33},"end":{"line":64,"column":59}},{"start":{"line":64,"column":62},"end":{"line":64,"column":63}}]},"14":{"loc":{"start":{"line":75,"column":12},"end":{"line":75,"column":24}},"type":"binary-expr","locations":[{"start":{"line":75,"column":12},"end":{"line":75,"column":16}},{"start":{"line":75,"column":20},"end":{"line":75,"column":24}}]}},"s":{"0":0,"1":0,"2":0,"3":0,"4":0,"5":0,"6":0,"7":0,"8":0,"9":0,"10":0,"11":0,"12":0,"13":0,"14":0,"15":0,"16":0,"17":0,"18":0,"19":0,"20":0,"21":0,"22":0,"23":0,"24":0,"25":0,"26":0,"27":0,"28":0,"29":0,"30":0,"31":0,"32":0,"33":0,"34":0,"35":0,"36":0,"37":0,"38":0,"39":0},"f":{"0":0,"1":0,"2":0,"3":0},"b":{"0":[0,0],"1":[0,0],"2":[0],"3":[0],"4":[0,0],"5":[0,0],"6":[0,0],"7":[0,0],"8":[0,0],"9":[0,0],"10":[0,0],"11":[0,0],"12":[0,0],"13":[0,0],"14":[0,0]}}
,"/Users/sudeerasj/SoftwareProjects/Experimental/NestJS/nest-js-clean-code-sandbox/src/app/core/guards/auth.guard.ts": {"path":"/Users/sudeerasj/SoftwareProjects/Experimental/NestJS/nest-js-clean-code-sandbox/src/app/core/guards/auth.guard.ts","statementMap":{"0":{"start":{"line":1,"column":0},"end":{"line":1,"column":81}},"1":{"start":{"line":2,"column":0},"end":{"line":2,"column":39}},"2":{"start":{"line":4,"column":0},"end":{"line":4,"column":79}},"3":{"start":{"line":10,"column":22},"end":{"line":37,"column":null}},"4":{"start":{"line":13,"column":22},"end":{"line":13,"column":33}},"5":{"start":{"line":11,"column":19},"end":{"line":11,"column":55}},"6":{"start":{"line":16,"column":20},"end":{"line":16,"column":64}},"7":{"start":{"line":18,"column":4},"end":{"line":18,"column":53}},"8":{"start":{"line":19,"column":4},"end":{"line":19,"column":65}},"9":{"start":{"line":21,"column":18},"end":{"line":21,"column":47}},"10":{"start":{"line":23,"column":4},"end":{"line":27,"column":null}},"11":{"start":{"line":24,"column":6},"end":{"line":24,"column":70}},"12":{"start":{"line":26,"column":6},"end":{"line":26,"column":18}},"13":{"start":{"line":29,"column":4},"end":{"line":33,"column":null}},"14":{"start":{"line":30,"column":6},"end":{"line":30,"column":18}},"15":{"start":{"line":31,"column":11},"end":{"line":33,"column":null}},"16":{"start":{"line":32,"column":6},"end":{"line":32,"column":19}},"17":{"start":{"line":35,"column":4},"end":{"line":35,"column":17}},"18":{"start":{"line":10,"column":13},"end":{"line":37,"column":null}},"19":{"start":{"line":10,"column":13},"end":{"line":10,"column":22}}},"fnMap":{"0":{"name":"(anonymous_2)","decl":{"start":{"line":13,"column":2},"end":{"line":13,"column":22}},"loc":{"start":{"line":13,"column":42},"end":{"line":13,"column":46}}},"1":{"name":"(anonymous_3)","decl":{"start":{"line":15,"column":2},"end":{"line":15,"column":7}},"loc":{"start":{"line":15,"column":45},"end":{"line":36,"column":3}}}},"branchMap":{"0":{"loc":{"start":{"line":23,"column":4},"end":{"line":27,"column":null}},"type":"if","locations":[{"start":{"line":23,"column":4},"end":{"line":27,"column":null}}]},"1":{"loc":{"start":{"line":29,"column":4},"end":{"line":33,"column":null}},"type":"if","locations":[{"start":{"line":29,"column":4},"end":{"line":33,"column":null}},{"start":{"line":31,"column":11},"end":{"line":33,"column":null}}]},"2":{"loc":{"start":{"line":31,"column":11},"end":{"line":33,"column":null}},"type":"if","locations":[{"start":{"line":31,"column":11},"end":{"line":33,"column":null}}]}},"s":{"0":0,"1":0,"2":0,"3":0,"4":0,"5":0,"6":0,"7":0,"8":0,"9":0,"10":0,"11":0,"12":0,"13":0,"14":0,"15":0,"16":0,"17":0,"18":0,"19":0},"f":{"0":0,"1":0},"b":{"0":[0],"1":[0,0],"2":[0]}}
,"/Users/sudeerasj/SoftwareProjects/Experimental/NestJS/nest-js-clean-code-sandbox/src/app/core/interceptors/api-response.interceptor.ts": {"path":"/Users/sudeerasj/SoftwareProjects/Experimental/NestJS/nest-js-clean-code-sandbox/src/app/core/interceptors/api-response.interceptor.ts","statementMap":{"0":{"start":{"line":1,"column":0},"end":{"line":1,"column":98}},"1":{"start":{"line":2,"column":0},"end":{"line":2,"column":42}},"2":{"start":{"line":5,"column":0},"end":{"line":5,"column":87}},"3":{"start":{"line":8,"column":35},"end":{"line":32,"column":null}},"4":{"start":{"line":9,"column":19},"end":{"line":9,"column":68}},"5":{"start":{"line":12,"column":4},"end":{"line":12,"column":68}},"6":{"start":{"line":14,"column":4},"end":{"line":30,"column":6}},"7":{"start":{"line":15,"column":20},"end":{"line":19,"column":8}},"8":{"start":{"line":21,"column":24},"end":{"line":21,"column":68}},"9":{"start":{"line":23,"column":23},"end":{"line":23,"column":51}},"10":{"start":{"line":24,"column":21},"end":{"line":24,"column":47}},"11":{"start":{"line":25,"column":23},"end":{"line":25,"column":70}},"12":{"start":{"line":26,"column":21},"end":{"line":26,"column":67}},"13":{"start":{"line":28,"column":8},"end":{"line":28,"column":75}},"14":{"start":{"line":8,"column":13},"end":{"line":32,"column":null}},"15":{"start":{"line":8,"column":13},"end":{"line":8,"column":35}}},"fnMap":{"0":{"name":"(anonymous_1)","decl":{"start":{"line":8,"column":7},"end":{"line":8,"column":13}},"loc":{"start":{"line":8,"column":7},"end":{"line":32,"column":1}}},"1":{"name":"(anonymous_2)","decl":{"start":{"line":11,"column":2},"end":{"line":11,"column":11}},"loc":{"start":{"line":11,"column":56},"end":{"line":31,"column":3}}},"2":{"name":"(anonymous_3)","decl":{"start":{"line":15,"column":10},"end":{"line":15,"column":15}},"loc":{"start":{"line":15,"column":20},"end":{"line":19,"column":8}}},"3":{"name":"(anonymous_4)","decl":{"start":{"line":20,"column":10},"end":{"line":20,"column":13}},"loc":{"start":{"line":20,"column":15},"end":{"line":29,"column":7}}}},"branchMap":{"0":{"loc":{"start":{"line":18,"column":14},"end":{"line":18,"column":88}},"type":"cond-expr","locations":[{"start":{"line":18,"column":76},"end":{"line":18,"column":81}},{"start":{"line":18,"column":84},"end":{"line":18,"column":88}}]},"1":{"loc":{"start":{"line":18,"column":14},"end":{"line":18,"column":73}},"type":"binary-expr","locations":[{"start":{"line":18,"column":14},"end":{"line":18,"column":42}},{"start":{"line":18,"column":46},"end":{"line":18,"column":73}}]},"2":{"loc":{"start":{"line":26,"column":21},"end":{"line":26,"column":67}},"type":"cond-expr","locations":[{"start":{"line":26,"column":37},"end":{"line":26,"column":63}},{"start":{"line":26,"column":66},"end":{"line":26,"column":67}}]}},"s":{"0":0,"1":0,"2":0,"3":0,"4":0,"5":0,"6":0,"7":0,"8":0,"9":0,"10":0,"11":0,"12":0,"13":0,"14":0,"15":0},"f":{"0":0,"1":0,"2":0,"3":0},"b":{"0":[0,0],"1":[0,0],"2":[0,0]}}
,"/Users/sudeerasj/SoftwareProjects/Experimental/NestJS/nest-js-clean-code-sandbox/src/app/features/features.module.ts": {"path":"/Users/sudeerasj/SoftwareProjects/Experimental/NestJS/nest-js-clean-code-sandbox/src/app/features/features.module.ts","statementMap":{"0":{"start":{"line":1,"column":0},"end":{"line":1,"column":38}},"1":{"start":{"line":7,"column":7},"end":{"line":7,"column":null}},"2":{"start":{"line":7,"column":13},"end":{"line":7,"column":null}},"3":{"start":{"line":7,"column":13},"end":{"line":7,"column":27}}},"fnMap":{},"branchMap":{},"s":{"0":0,"1":0,"2":0,"3":0},"f":{},"b":{}}
,"/Users/sudeerasj/SoftwareProjects/Experimental/NestJS/nest-js-clean-code-sandbox/src/app/shared/models/api/response-payload-status.model.ts": {"path":"/Users/sudeerasj/SoftwareProjects/Experimental/NestJS/nest-js-clean-code-sandbox/src/app/shared/models/api/response-payload-status.model.ts","statementMap":{"0":{"start":{"line":1,"column":0},"end":{"line":1,"column":null}},"1":{"start":{"line":2,"column":2},"end":{"line":2,"column":null}},"2":{"start":{"line":3,"column":2},"end":{"line":3,"column":null}}},"fnMap":{"0":{"name":"(anonymous_0)","decl":{"start":{"line":1,"column":0},"end":{"line":1,"column":12}},"loc":{"start":{"line":1,"column":33},"end":{"line":4,"column":1}}}},"branchMap":{"0":{"loc":{"start":{"line":1,"column":12},"end":{"line":1,"column":null}},"type":"binary-expr","locations":[{"start":{"line":1,"column":12},"end":{"line":1,"column":33}},{"start":{"line":1,"column":12},"end":{"line":1,"column":null}}]}},"s":{"0":0,"1":0,"2":0},"f":{"0":0},"b":{"0":[0,0]}}
,"/Users/sudeerasj/SoftwareProjects/Experimental/NestJS/nest-js-clean-code-sandbox/src/app/shared/models/api/response-payload.model.ts": {"path":"/Users/sudeerasj/SoftwareProjects/Experimental/NestJS/nest-js-clean-code-sandbox/src/app/shared/models/api/response-payload.model.ts","statementMap":{"0":{"start":{"line":1,"column":0},"end":{"line":1,"column":44}},"1":{"start":{"line":2,"column":0},"end":{"line":2,"column":87}},"2":{"start":{"line":8,"column":2},"end":{"line":11,"column":null}},"3":{"start":{"line":13,"column":2},"end":{"line":17,"column":null}},"4":{"start":{"line":19,"column":2},"end":{"line":20,"column":null}},"5":{"start":{"line":7,"column":0},"end":{"line":7,"column":13}}},"fnMap":{},"branchMap":{},"s":{"0":0,"1":0,"2":0,"3":0,"4":0,"5":0},"f":{},"b":{}}
,"/Users/sudeerasj/SoftwareProjects/Experimental/NestJS/nest-js-clean-code-sandbox/src/app/shared/models/env/environment-config.model.ts": {"path":"/Users/sudeerasj/SoftwareProjects/Experimental/NestJS/nest-js-clean-code-sandbox/src/app/shared/models/env/environment-config.model.ts","statementMap":{"0":{"start":{"line":1,"column":0},"end":{"line":1,"column":59}},"1":{"start":{"line":2,"column":0},"end":{"line":2,"column":74}},"2":{"start":{"line":7,"column":2},"end":{"line":7,"column":16}},"3":{"start":{"line":11,"column":2},"end":{"line":11,"column":50}},"4":{"start":{"line":5,"column":2},"end":{"line":7,"column":null}},"5":{"start":{"line":9,"column":2},"end":{"line":11,"column":null}},"6":{"start":{"line":4,"column":0},"end":{"line":4,"column":13}}},"fnMap":{"0":{"name":"(anonymous_2)","decl":{"start":{"line":4,"column":0},"end":{"line":4,"column":13}},"loc":{"start":{"line":4,"column":0},"end":{"line":12,"column":1}}}},"branchMap":{},"s":{"0":0,"1":0,"2":0,"3":0,"4":0,"5":0,"6":0},"f":{"0":0},"b":{}}
,"/Users/sudeerasj/SoftwareProjects/Experimental/NestJS/nest-js-clean-code-sandbox/src/app/shared/models/env/node-environment.model.ts": {"path":"/Users/sudeerasj/SoftwareProjects/Experimental/NestJS/nest-js-clean-code-sandbox/src/app/shared/models/env/node-environment.model.ts","statementMap":{"0":{"start":{"line":1,"column":0},"end":{"line":1,"column":null}},"1":{"start":{"line":2,"column":2},"end":{"line":2,"column":null}},"2":{"start":{"line":3,"column":2},"end":{"line":3,"column":null}},"3":{"start":{"line":4,"column":2},"end":{"line":4,"column":null}}},"fnMap":{"0":{"name":"(anonymous_0)","decl":{"start":{"line":1,"column":0},"end":{"line":1,"column":12}},"loc":{"start":{"line":1,"column":27},"end":{"line":5,"column":1}}}},"branchMap":{"0":{"loc":{"start":{"line":1,"column":12},"end":{"line":1,"column":null}},"type":"binary-expr","locations":[{"start":{"line":1,"column":12},"end":{"line":1,"column":27}},{"start":{"line":1,"column":12},"end":{"line":1,"column":null}}]}},"s":{"0":0,"1":0,"2":0,"3":0},"f":{"0":0},"b":{"0":[0,0]}}
,"/Users/sudeerasj/SoftwareProjects/Experimental/NestJS/nest-js-clean-code-sandbox/src/app/shared/models/misc/id-and-name.model.ts": {"path":"/Users/sudeerasj/SoftwareProjects/Experimental/NestJS/nest-js-clean-code-sandbox/src/app/shared/models/misc/id-and-name.model.ts","statementMap":{"0":{"start":{"line":3,"column":17},"end":{"line":3,"column":32}},"1":{"start":{"line":5,"column":4},"end":{"line":5,"column":25}},"2":{"start":{"line":6,"column":4},"end":{"line":6,"column":28}},"3":{"start":{"line":8,"column":4},"end":{"line":8,"column":16}},"4":{"start":{"line":1,"column":0},"end":{"line":1,"column":13}}},"fnMap":{"0":{"name":"(anonymous_0)","decl":{"start":{"line":2,"column":2},"end":{"line":2,"column":8}},"loc":{"start":{"line":2,"column":38},"end":{"line":9,"column":3}}}},"branchMap":{},"s":{"0":0,"1":0,"2":0,"3":0,"4":0},"f":{"0":0},"b":{}}
,"/Users/sudeerasj/SoftwareProjects/Experimental/NestJS/nest-js-clean-code-sandbox/src/app/shared/pipes/parse-boolean.pipe.ts": {"path":"/Users/sudeerasj/SoftwareProjects/Experimental/NestJS/nest-js-clean-code-sandbox/src/app/shared/pipes/parse-boolean.pipe.ts","statementMap":{"0":{"start":{"line":1,"column":0},"end":{"line":1,"column":96}},"1":{"start":{"line":4,"column":29},"end":{"line":22,"column":null}},"2":{"start":{"line":6,"column":19},"end":{"line":6,"column":43}},"3":{"start":{"line":8,"column":4},"end":{"line":10,"column":null}},"4":{"start":{"line":9,"column":6},"end":{"line":9,"column":19}},"5":{"start":{"line":12,"column":4},"end":{"line":14,"column":null}},"6":{"start":{"line":13,"column":6},"end":{"line":13,"column":79}},"7":{"start":{"line":16,"column":4},"end":{"line":16,"column":46}},"8":{"start":{"line":20,"column":4},"end":{"line":20,"column":55}},"9":{"start":{"line":4,"column":13},"end":{"line":22,"column":null}},"10":{"start":{"line":4,"column":13},"end":{"line":4,"column":29}}},"fnMap":{"0":{"name":"(anonymous_1)","decl":{"start":{"line":5,"column":2},"end":{"line":5,"column":8}},"loc":{"start":{"line":5,"column":57},"end":{"line":17,"column":3}}},"1":{"name":"(anonymous_2)","decl":{"start":{"line":19,"column":2},"end":{"line":19,"column":11}},"loc":{"start":{"line":19,"column":50},"end":{"line":21,"column":3}}}},"branchMap":{"0":{"loc":{"start":{"line":6,"column":19},"end":{"line":6,"column":43}},"type":"binary-expr","locations":[{"start":{"line":6,"column":19},"end":{"line":6,"column":32}},{"start":{"line":6,"column":36},"end":{"line":6,"column":43}}]},"1":{"loc":{"start":{"line":8,"column":4},"end":{"line":10,"column":null}},"type":"if","locations":[{"start":{"line":8,"column":4},"end":{"line":10,"column":null}}]},"2":{"loc":{"start":{"line":12,"column":4},"end":{"line":14,"column":null}},"type":"if","locations":[{"start":{"line":12,"column":4},"end":{"line":14,"column":null}}]}},"s":{"0":1,"1":1,"2":0,"3":0,"4":0,"5":0,"6":0,"7":0,"8":0,"9":1,"10":1},"f":{"0":0,"1":0},"b":{"0":[0,0],"1":[0],"2":[0]}}
,"/Users/sudeerasj/SoftwareProjects/Experimental/NestJS/nest-js-clean-code-sandbox/src/app/shared/pipes/payload-existence-validation.pipe.ts": {"path":"/Users/sudeerasj/SoftwareProjects/Experimental/NestJS/nest-js-clean-code-sandbox/src/app/shared/pipes/payload-existence-validation.pipe.ts","statementMap":{"0":{"start":{"line":1,"column":0},"end":{"line":1,"column":96}},"1":{"start":{"line":4,"column":7},"end":{"line":23,"column":null}},"2":{"start":{"line":6,"column":17},"end":{"line":6,"column":31}},"3":{"start":{"line":8,"column":4},"end":{"line":19,"column":null}},"4":{"start":{"line":10,"column":8},"end":{"line":10,"column":69}},"5":{"start":{"line":12,"column":8},"end":{"line":14,"column":null}},"6":{"start":{"line":13,"column":10},"end":{"line":13,"column":71}},"7":{"start":{"line":16,"column":8},"end":{"line":16,"column":14}},"8":{"start":{"line":18,"column":8},"end":{"line":18,"column":14}},"9":{"start":{"line":21,"column":4},"end":{"line":21,"column":19}},"10":{"start":{"line":4,"column":13},"end":{"line":23,"column":null}},"11":{"start":{"line":4,"column":13},"end":{"line":4,"column":43}}},"fnMap":{"0":{"name":"(anonymous_1)","decl":{"start":{"line":5,"column":2},"end":{"line":5,"column":11}},"loc":{"start":{"line":5,"column":52},"end":{"line":22,"column":3}}}},"branchMap":{"0":{"loc":{"start":{"line":8,"column":4},"end":{"line":19,"column":null}},"type":"switch","locations":[{"start":{"line":9,"column":6},"end":{"line":10,"column":69}},{"start":{"line":11,"column":6},"end":{"line":16,"column":14}},{"start":{"line":17,"column":6},"end":{"line":18,"column":14}}]},"1":{"loc":{"start":{"line":12,"column":8},"end":{"line":14,"column":null}},"type":"if","locations":[{"start":{"line":12,"column":8},"end":{"line":14,"column":null}}]},"2":{"loc":{"start":{"line":12,"column":12},"end":{"line":12,"column":107}},"type":"binary-expr","locations":[{"start":{"line":12,"column":12},"end":{"line":12,"column":28}},{"start":{"line":12,"column":33},"end":{"line":12,"column":55}},{"start":{"line":12,"column":59},"end":{"line":12,"column":74}},{"start":{"line":12,"column":79},"end":{"line":12,"column":107}}]}},"s":{"0":1,"1":1,"2":0,"3":0,"4":0,"5":0,"6":0,"7":0,"8":0,"9":0,"10":1,"11":1},"f":{"0":0},"b":{"0":[0,0,0],"1":[0],"2":[0,0,0,0]}}
,"/Users/sudeerasj/SoftwareProjects/Experimental/NestJS/nest-js-clean-code-sandbox/src/app/shared/pipes/payload-transformation.pipe.ts": {"path":"/Users/sudeerasj/SoftwareProjects/Experimental/NestJS/nest-js-clean-code-sandbox/src/app/shared/pipes/payload-transformation.pipe.ts","statementMap":{"0":{"start":{"line":1,"column":0},"end":{"line":1,"column":58}},"1":{"start":{"line":5,"column":7},"end":{"line":12,"column":null}},"2":{"start":{"line":7,"column":4},"end":{"line":10,"column":7}},"3":{"start":{"line":5,"column":13},"end":{"line":12,"column":null}},"4":{"start":{"line":5,"column":13},"end":{"line":5,"column":38}}},"fnMap":{"0":{"name":"(anonymous_2)","decl":{"start":{"line":6,"column":2},"end":{"line":6,"column":14}},"loc":{"start":{"line":6,"column":45},"end":{"line":11,"column":3}}}},"branchMap":{},"s":{"0":1,"1":1,"2":1,"3":1,"4":1},"f":{"0":1},"b":{}}
,"/Users/sudeerasj/SoftwareProjects/Experimental/NestJS/nest-js-clean-code-sandbox/src/app/shared/repositories/api.repository.ts": {"path":"/Users/sudeerasj/SoftwareProjects/Experimental/NestJS/nest-js-clean-code-sandbox/src/app/shared/repositories/api.repository.ts","statementMap":{"0":{"start":{"line":2,"column":0},"end":{"line":2,"column":68}},"1":{"start":{"line":7,"column":4},"end":{"line":7,"column":23}},"2":{"start":{"line":11,"column":4},"end":{"line":13,"column":6}},"3":{"start":{"line":17,"column":4},"end":{"line":20,"column":7}},"4":{"start":{"line":24,"column":4},"end":{"line":27,"column":7}},"5":{"start":{"line":31,"column":4},"end":{"line":34,"column":7}},"6":{"start":{"line":38,"column":4},"end":{"line":41,"column":7}},"7":{"start":{"line":45,"column":4},"end":{"line":48,"column":7}},"8":{"start":{"line":57,"column":4},"end":{"line":60,"column":7}},"9":{"start":{"line":64,"column":4},"end":{"line":67,"column":7}},"10":{"start":{"line":5,"column":0},"end":{"line":5,"column":13}}},"fnMap":{"0":{"name":"(anonymous_0)","decl":{"start":{"line":6,"column":2},"end":{"line":6,"column":14}},"loc":{"start":{"line":6,"column":38},"end":{"line":8,"column":3}}},"1":{"name":"(anonymous_1)","decl":{"start":{"line":10,"column":12},"end":{"line":10,"column":18}},"loc":{"start":{"line":10,"column":58},"end":{"line":14,"column":3}}},"2":{"name":"(anonymous_2)","decl":{"start":{"line":16,"column":2},"end":{"line":16,"column":7}},"loc":{"start":{"line":16,"column":77},"end":{"line":21,"column":3}}},"3":{"name":"(anonymous_3)","decl":{"start":{"line":23,"column":2},"end":{"line":23,"column":7}},"loc":{"start":{"line":23,"column":87},"end":{"line":28,"column":3}}},"4":{"name":"(anonymous_4)","decl":{"start":{"line":30,"column":2},"end":{"line":30,"column":7}},"loc":{"start":{"line":30,"column":80},"end":{"line":35,"column":3}}},"5":{"name":"(anonymous_5)","decl":{"start":{"line":37,"column":2},"end":{"line":37,"column":7}},"loc":{"start":{"line":37,"column":56},"end":{"line":42,"column":3}}},"6":{"name":"(anonymous_6)","decl":{"start":{"line":44,"column":2},"end":{"line":44,"column":7}},"loc":{"start":{"line":44,"column":72},"end":{"line":49,"column":3}}},"7":{"name":"(anonymous_7)","decl":{"start":{"line":51,"column":2},"end":{"line":51,"column":7}},"loc":{"start":{"line":55,"column":20},"end":{"line":61,"column":3}}},"8":{"name":"(anonymous_8)","decl":{"start":{"line":63,"column":2},"end":{"line":63,"column":7}},"loc":{"start":{"line":63,"column":74},"end":{"line":68,"column":3}}}},"branchMap":{"0":{"loc":{"start":{"line":12,"column":21},"end":{"line":12,"column":37}},"type":"binary-expr","locations":[{"start":{"line":12,"column":21},"end":{"line":12,"column":31}},{"start":{"line":12,"column":35},"end":{"line":12,"column":37}}]}},"s":{"0":0,"1":0,"2":0,"3":0,"4":0,"5":0,"6":0,"7":0,"8":0,"9":0,"10":0},"f":{"0":0,"1":0,"2":0,"3":0,"4":0,"5":0,"6":0,"7":0,"8":0},"b":{"0":[0,0]}}
,"/Users/sudeerasj/SoftwareProjects/Experimental/NestJS/nest-js-clean-code-sandbox/src/app/shared/repositories/http.repository.ts": {"path":"/Users/sudeerasj/SoftwareProjects/Experimental/NestJS/nest-js-clean-code-sandbox/src/app/shared/repositories/http.repository.ts","statementMap":{"0":{"start":{"line":2,"column":0},"end":{"line":2,"column":38}},"1":{"start":{"line":7,"column":33},"end":{"line":7,"column":57}},"2":{"start":{"line":5,"column":19},"end":{"line":5,"column":60}},"3":{"start":{"line":8,"column":4},"end":{"line":17,"column":7}},"4":{"start":{"line":9,"column":22},"end":{"line":9,"column":41}},"5":{"start":{"line":10,"column":19},"end":{"line":10,"column":34}},"6":{"start":{"line":11,"column":21},"end":{"line":11,"column":39}},"7":{"start":{"line":13,"column":6},"end":{"line":13,"column":44}},"8":{"start":{"line":14,"column":6},"end":{"line":14,"column":96}},"9":{"start":{"line":16,"column":6},"end":{"line":16,"column":19}},"10":{"start":{"line":19,"column":4},"end":{"line":29,"column":7}},"11":{"start":{"line":20,"column":22},"end":{"line":20,"column":48}},"12":{"start":{"line":21,"column":19},"end":{"line":21,"column":41}},"13":{"start":{"line":22,"column":21},"end":{"line":22,"column":46}},"14":{"start":{"line":23,"column":21},"end":{"line":23,"column":33}},"15":{"start":{"line":25,"column":6},"end":{"line":25,"column":45}},"16":{"start":{"line":26,"column":6},"end":{"line":26,"column":109}},"17":{"start":{"line":28,"column":6},"end":{"line":28,"column":19}},"18":{"start":{"line":4,"column":0},"end":{"line":4,"column":13}}},"fnMap":{"0":{"name":"(anonymous_0)","decl":{"start":{"line":7,"column":2},"end":{"line":7,"column":33}},"loc":{"start":{"line":7,"column":57},"end":{"line":30,"column":3}}},"1":{"name":"(anonymous_1)","decl":{"start":{"line":8,"column":50},"end":{"line":8,"column":55}},"loc":{"start":{"line":8,"column":58},"end":{"line":17,"column":5}}},"2":{"name":"(anonymous_2)","decl":{"start":{"line":19,"column":51},"end":{"line":19,"column":56}},"loc":{"start":{"line":19,"column":59},"end":{"line":29,"column":5}}}},"branchMap":{"0":{"loc":{"start":{"line":9,"column":22},"end":{"line":9,"column":41}},"type":"binary-expr","locations":[{"start":{"line":9,"column":22},"end":{"line":9,"column":35}},{"start":{"line":9,"column":39},"end":{"line":9,"column":41}}]},"1":{"loc":{"start":{"line":10,"column":19},"end":{"line":10,"column":34}},"type":"binary-expr","locations":[{"start":{"line":10,"column":19},"end":{"line":10,"column":28}},{"start":{"line":10,"column":32},"end":{"line":10,"column":34}}]},"2":{"loc":{"start":{"line":11,"column":21},"end":{"line":11,"column":39}},"type":"binary-expr","locations":[{"start":{"line":11,"column":21},"end":{"line":11,"column":33}},{"start":{"line":11,"column":37},"end":{"line":11,"column":39}}]},"3":{"loc":{"start":{"line":20,"column":22},"end":{"line":20,"column":48}},"type":"binary-expr","locations":[{"start":{"line":20,"column":22},"end":{"line":20,"column":42}},{"start":{"line":20,"column":46},"end":{"line":20,"column":48}}]},"4":{"loc":{"start":{"line":21,"column":19},"end":{"line":21,"column":41}},"type":"binary-expr","locations":[{"start":{"line":21,"column":19},"end":{"line":21,"column":35}},{"start":{"line":21,"column":39},"end":{"line":21,"column":41}}]},"5":{"loc":{"start":{"line":22,"column":21},"end":{"line":22,"column":46}},"type":"binary-expr","locations":[{"start":{"line":22,"column":21},"end":{"line":22,"column":40}},{"start":{"line":22,"column":44},"end":{"line":22,"column":46}}]}},"s":{"0":0,"1":0,"2":0,"3":0,"4":0,"5":0,"6":0,"7":0,"8":0,"9":0,"10":0,"11":0,"12":0,"13":0,"14":0,"15":0,"16":0,"17":0,"18":0},"f":{"0":0,"1":0,"2":0},"b":{"0":[0,0],"1":[0,0],"2":[0,0],"3":[0,0],"4":[0,0],"5":[0,0]}}
,"/Users/sudeerasj/SoftwareProjects/Experimental/NestJS/nest-js-clean-code-sandbox/src/app/shared/services/api.service.ts": {"path":"/Users/sudeerasj/SoftwareProjects/Experimental/NestJS/nest-js-clean-code-sandbox/src/app/shared/services/api.service.ts","statementMap":{"0":{"start":{"line":4,"column":31},"end":{"line":4,"column":59}},"1":{"start":{"line":7,"column":23},"end":{"line":7,"column":116}},"2":{"start":{"line":7,"column":44},"end":{"line":7,"column":51}},"3":{"start":{"line":7,"column":85},"end":{"line":7,"column":115}},"4":{"start":{"line":9,"column":26},"end":{"line":9,"column":28}},"5":{"start":{"line":11,"column":4},"end":{"line":13,"column":null}},"6":{"start":{"line":11,"column":17},"end":{"line":11,"column":18}},"7":{"start":{"line":12,"column":6},"end":{"line":12,"column":49}},"8":{"start":{"line":15,"column":4},"end":{"line":15,"column":18}},"9":{"start":{"line":19,"column":19},"end":{"line":19,"column":71}},"10":{"start":{"line":21,"column":4},"end":{"line":21,"column":16}},"11":{"start":{"line":25,"column":19},"end":{"line":25,"column":73}},"12":{"start":{"line":27,"column":4},"end":{"line":27,"column":16}},"13":{"start":{"line":31,"column":19},"end":{"line":31,"column":74}},"14":{"start":{"line":33,"column":4},"end":{"line":33,"column":16}},"15":{"start":{"line":37,"column":19},"end":{"line":37,"column":60}},"16":{"start":{"line":39,"column":4},"end":{"line":39,"column":16}},"17":{"start":{"line":43,"column":19},"end":{"line":43,"column":68}},"18":{"start":{"line":45,"column":4},"end":{"line":45,"column":16}},"19":{"start":{"line":54,"column":19},"end":{"line":54,"column":79}},"20":{"start":{"line":56,"column":4},"end":{"line":56,"column":16}},"21":{"start":{"line":60,"column":19},"end":{"line":60,"column":70}},"22":{"start":{"line":62,"column":4},"end":{"line":62,"column":16}},"23":{"start":{"line":3,"column":0},"end":{"line":3,"column":13}}},"fnMap":{"0":{"name":"(anonymous_0)","decl":{"start":{"line":4,"column":2},"end":{"line":4,"column":31}},"loc":{"start":{"line":4,"column":59},"end":{"line":4,"column":63}}},"1":{"name":"(anonymous_1)","decl":{"start":{"line":6,"column":12},"end":{"line":6,"column":30}},"loc":{"start":{"line":6,"column":54},"end":{"line":16,"column":3}}},"2":{"name":"(anonymous_2)","decl":{"start":{"line":7,"column":35},"end":{"line":7,"column":40}},"loc":{"start":{"line":7,"column":44},"end":{"line":7,"column":51}}},"3":{"name":"(anonymous_3)","decl":{"start":{"line":7,"column":60},"end":{"line":7,"column":61}},"loc":{"start":{"line":7,"column":85},"end":{"line":7,"column":115}}},"4":{"name":"(anonymous_4)","decl":{"start":{"line":18,"column":2},"end":{"line":18,"column":7}},"loc":{"start":{"line":18,"column":86},"end":{"line":22,"column":3}}},"5":{"name":"(anonymous_5)","decl":{"start":{"line":24,"column":2},"end":{"line":24,"column":7}},"loc":{"start":{"line":24,"column":96},"end":{"line":28,"column":3}}},"6":{"name":"(anonymous_6)","decl":{"start":{"line":30,"column":2},"end":{"line":30,"column":7}},"loc":{"start":{"line":30,"column":88},"end":{"line":34,"column":3}}},"7":{"name":"(anonymous_7)","decl":{"start":{"line":36,"column":2},"end":{"line":36,"column":7}},"loc":{"start":{"line":36,"column":58},"end":{"line":40,"column":3}}},"8":{"name":"(anonymous_8)","decl":{"start":{"line":42,"column":2},"end":{"line":42,"column":7}},"loc":{"start":{"line":42,"column":74},"end":{"line":46,"column":3}}},"9":{"name":"(anonymous_9)","decl":{"start":{"line":48,"column":2},"end":{"line":48,"column":7}},"loc":{"start":{"line":52,"column":14},"end":{"line":57,"column":3}}},"10":{"name":"(anonymous_10)","decl":{"start":{"line":59,"column":2},"end":{"line":59,"column":7}},"loc":{"start":{"line":59,"column":76},"end":{"line":63,"column":3}}}},"branchMap":{"0":{"loc":{"start":{"line":6,"column":45},"end":{"line":6,"column":54}},"type":"default-arg","locations":[{"start":{"line":6,"column":52},"end":{"line":6,"column":54}}]}},"s":{"0":0,"1":0,"2":0,"3":0,"4":0,"5":0,"6":0,"7":0,"8":0,"9":0,"10":0,"11":0,"12":0,"13":0,"14":0,"15":0,"16":0,"17":0,"18":0,"19":0,"20":0,"21":0,"22":0,"23":0},"f":{"0":0,"1":0,"2":0,"3":0,"4":0,"5":0,"6":0,"7":0,"8":0,"9":0,"10":0},"b":{"0":[0]}}
}
